<testsuites id="" name="" tests="1" failures="0" skipped="0" errors="0" time="254.171974">
<testsuite name="comprehensive-e2e.spec.ts" timestamp="2025-12-02T10:15:20.912Z" hostname="chromium" tests="1" failures="0" skipped="0" time="251.57" errors="0">
<testcase name="Airline Booking - All Scenarios E2E › Execute all booking scenarios from test data" classname="comprehensive-e2e.spec.ts" time="251.57">
<system-out>
<![CDATA[🚀 Starting comprehensive E2E test execution...
🔧 Setting up authentication for test execution...
🔑 Setting authentication cookie...
📋 Post-authentication status:
   URL: https://app-test-finnair-fra-frontend-f7byg3hef7abafat.germanywestcentral-01.azurewebsites.net/en
   Title: Amadeus Nevio | Finnair
✅ Cookie authentication successful!
💾 Authentication state saved for future test runs
📊 Loading test scenarios...
Reading Excel file: C:\Users\2853064\Documents\Testing\Automation\SingleBase\test-data\scenarios.xlsx, sheet: scenarios
Attempting CSV fallback: C:\Users\2853064\Documents\Testing\Automation\SingleBase\test-data\scenarios.csv
Reading CSV file: C:\Users\2853064\Documents\Testing\Automation\SingleBase\test-data\scenarios.csv
Found 4 scenario(s) with headers: scenario id, action, trip type, origin, destination, date, passengers (ptc), class type, promo code, discounts, loyalty program, member id
Successfully parsed 4 scenarios
✅ Loaded 4 test scenarios
📋 Scenario 1: ID="scenario_2", Action="Search", HEL→LHR
📋 Scenario 2: ID="scenario_3", Action="Results", HEL→LHR
📋 Scenario 3: ID="scenario_4", Action="PassengerInfo", LHR→MAA
📋 Scenario 4: ID="scenario_5", Action="Booking", HEL→JFK

📊 Processing scenario 1 of 4

🧪 Executing Scenario: scenario_2
📋 Round-trip | HEL → LHR | Economy | 1ADT
🔍 Checking browser state for scenario scenario_2...
✅ Browser state is valid for scenario scenario_2
   ⏱️  Setting fresh timeout to 18000000ms (18000 seconds) for this scenario
   🚀 Scenario execution started at: 2025-12-02T10:15:36.913Z
   ⏱️  Starting scenario execution with detailed time tracking
   🎯 Executing Action: Search
   📍 Step 1: Filling and submitting search form...
Flight search page loaded successfully
Filling search form for scenario: scenario_2
Economy is default - opening and closing dropdown
Configuring passengers for search: [ { type: [32m'ADT'[39m, count: [33m1[39m } ]
Passengers needed: 1 adults, 0 children, 0 infants
Setting 1 adults in slot 1
✅ Passenger configuration completed
Checking for optional promotional and loyalty fields...
ℹ️ No optional promotional or loyalty fields specified in scenario
Search form filled successfully
Submitting flight search...
Search submitted successfully
Waiting for search results to load...
Verifying search was processed - looking for Flights text
✅ Found Flights text: "Flights"
✅ Search results loaded successfully
   ✅ Search completed successfully
   ⏱️  Scenario execution phase completed in 23592ms
   ⏱️  Total scenario time so far: 23593ms (24 seconds)
   ⏱️  Scenario completed in 23593ms (24 seconds)
✅ Scenario scenario_2 completed successfully
🔄 Starting cleanup and reset for next scenario...
🏠 Navigated to home page for fresh start
✅ Scenario scenario_2 cleanup completed in 8117ms

📊 Processing scenario 2 of 4

🧪 Executing Scenario: scenario_3
📋 One-way | HEL → LHR | Business | 2ADT
🔍 Checking browser state for scenario scenario_3...
✅ Browser state is valid for scenario scenario_3
   ⏱️  Setting fresh timeout to 18000000ms (18000 seconds) for this scenario
   🚀 Scenario execution started at: 2025-12-02T10:16:08.630Z
   ⏱️  Starting scenario execution with detailed time tracking
   🎯 Executing Action: Results
   📍 Step 1: Filling and submitting search form...
Flight search page loaded successfully
Filling search form for scenario: scenario_3
Selecting Business class - deselecting Economy first
Configuring passengers for search: [ { type: [32m'ADT'[39m, count: [33m2[39m } ]
Passengers needed: 2 adults, 0 children, 0 infants
Setting 2 adults in slot 1
Increasing passenger count in slot 1 by 1
Plus clicked 1/1 for slot 1
✅ Passenger count in slot 1 increased by 1
✅ Passenger configuration completed
Checking for optional promotional and loyalty fields...
ℹ️ No optional promotional or loyalty fields specified in scenario
Search form filled successfully
Submitting flight search...
Search submitted successfully
Waiting for search results to load...
Verifying search was processed - looking for Flights text
✅ Found Flights text: "Flights"
✅ Search results loaded successfully
   ✅ Search completed successfully
   ✈️  Step 2: Processing search results...
Waiting for search results to load...
About to call selectFlight...
Select a flight from the flight results
Checking if flight selection element is visible...
✅ Found flight using original locator
✅ Outbound Flight Selected using original locator
Clicking Continue to proceed to booking
✅ Clicked Continue to proceed to booking
   ✅ Results processing completed successfully
   ⏱️  Scenario execution phase completed in 25166ms
   ⏱️  Total scenario time so far: 25166ms (25 seconds)
   ⏱️  Scenario completed in 25166ms (25 seconds)
✅ Scenario scenario_3 completed successfully
🔄 Starting cleanup and reset for next scenario...
🏠 Navigated to home page for fresh start
✅ Scenario scenario_3 cleanup completed in 8327ms

📊 Processing scenario 3 of 4

🧪 Executing Scenario: scenario_4
📋 One-way | LHR → MAA | Business | 1ADT,1CHD
🔍 Checking browser state for scenario scenario_4...
✅ Browser state is valid for scenario scenario_4
   ⏱️  Setting fresh timeout to 18000000ms (18000 seconds) for this scenario
   🚀 Scenario execution started at: 2025-12-02T10:16:42.136Z
   ⏱️  Starting scenario execution with detailed time tracking
   🎯 Executing Action: PassengerInfo
   📍 Step 1: Filling and submitting search form...
Flight search page loaded successfully
Filling search form for scenario: scenario_4
Selecting Business class - deselecting Economy first
Configuring passengers for search: [ { type: [32m'ADT'[39m, count: [33m1[39m }, { type: [32m'CHD'[39m, count: [33m1[39m } ]
Passengers needed: 1 adults, 1 children, 0 infants
Setting 1 adults in slot 1
Adding and configuring 1 children
Setting passenger type in slot 2 to Child
✅ Slot 2 type set to Child
✅ Passenger configuration completed
Checking for optional promotional and loyalty fields...
ℹ️ No optional promotional or loyalty fields specified in scenario
Search form filled successfully
Submitting flight search...
Search submitted successfully
Waiting for search results to load...
Verifying search was processed - looking for Flights text
✅ Found Flights text: "Flights"
✅ Search results loaded successfully
   ✅ Search completed successfully
   ✈️  Step 2: Processing search results...
Waiting for search results to load...
About to call selectFlight...
Select a flight from the flight results
Checking if flight selection element is visible...
✅ Found flight using original locator
✅ Outbound Flight Selected using original locator
Clicking Continue to proceed to booking
✅ Clicked Continue to proceed to booking
   ✅ Results processing completed successfully
   👤 Step 3: Filling passenger information...
Filling passenger information for 2 passengers
Filling 1 adult passenger(s)
Filling adult passenger 1
Filling adult form 1
✅ Adult passenger 1 form completed
Filling 1 child passenger(s)
Filling child passenger 1
✅ Child passenger 1 form completed
Passenger information filled successfully
   ✅ Passenger information completed successfully
   ⏱️  Scenario execution phase completed in 45216ms
   ⏱️  Total scenario time so far: 45217ms (45 seconds)
   ⏱️  Scenario completed in 45217ms (45 seconds)
✅ Scenario scenario_4 completed successfully
🔄 Starting cleanup and reset for next scenario...
🏠 Navigated to home page for fresh start
✅ Scenario scenario_4 cleanup completed in 8759ms

📊 Processing scenario 4 of 4

🧪 Executing Scenario: scenario_5
📋 One-way | HEL → JFK | Economy | 2ADT,2CHD,2INF
🔍 Checking browser state for scenario scenario_5...
✅ Browser state is valid for scenario scenario_5
   ⏱️  Setting fresh timeout to 18000000ms (18000 seconds) for this scenario
   🚀 Scenario execution started at: 2025-12-02T10:17:36.125Z
   ⏱️  Starting scenario execution with detailed time tracking
   🎯 Executing Action: Booking
   📍 Step 1: Filling and submitting search form...
Flight search page loaded successfully
Filling search form for scenario: scenario_5
Economy is default - opening and closing dropdown
Configuring passengers for search: [
  { type: [32m'ADT'[39m, count: [33m2[39m },
  { type: [32m'CHD'[39m, count: [33m2[39m },
  { type: [32m'INF'[39m, count: [33m2[39m }
]
Passengers needed: 2 adults, 2 children, 2 infants
Setting 2 adults in slot 1
Increasing passenger count in slot 1 by 1
Plus clicked 1/1 for slot 1
✅ Passenger count in slot 1 increased by 1
Adding and configuring 2 children
Setting passenger type in slot 2 to Child
✅ Slot 2 type set to Child
Increasing passenger count in slot 2 by 1
Plus clicked 1/1 for slot 2
✅ Passenger count in slot 2 increased by 1
Adding and configuring 2 infants
Setting passenger type in slot 3 to Infant
✅ Slot 3 type set to Infant
Increasing passenger count in slot 3 by 1
Plus clicked 1/1 for slot 3
✅ Passenger count in slot 3 increased by 1
✅ Passenger configuration completed
Checking for optional promotional and loyalty fields...
ℹ️ No optional promotional or loyalty fields specified in scenario
Search form filled successfully
Submitting flight search...
Search submitted successfully
Waiting for search results to load...
Verifying search was processed - looking for Flights text
✅ Found Flights text: "Flights"
✅ Search results loaded successfully
   ✅ Search completed successfully
   ✈️  Step 2: Processing search results...
Waiting for search results to load...
About to call selectFlight...
Select a flight from the flight results
Checking if flight selection element is visible...
✅ Found flight using original locator
✅ Outbound Flight Selected using original locator
Clicking Continue to proceed to booking
✅ Clicked Continue to proceed to booking
   ✅ Results processing completed successfully
   👤 Step 3: Filling passenger information...
Filling passenger information for 6 passengers
Filling 2 adult passenger(s)
Filling adult passenger 1
Filling adult form 1
✅ Adult passenger 1 form completed
Filling adult passenger 2
Filling adult form 2
✅ Adult passenger 2 form completed
Filling 2 child passenger(s)
Filling child passenger 1
✅ Child passenger 1 form completed
Filling child passenger 2
✅ Child passenger 2 form completed
Filling 2 infant passenger(s)
Filling infant passenger 1
✅ Infant passenger 1 form completed
Filling infant passenger 2
✅ Infant passenger 2 form completed
Passenger information filled successfully
   ✅ Passenger information completed successfully
Attempting to click Proceed to Payment button
✅ Country set to India
✅ Language set to English
Proceed to Payment clicked, waiting for Confirm Payment button
✅ Payment flow ready
   ⏱️  Scenario execution phase completed in 109985ms
   ⏱️  Total scenario time so far: 109985ms (110 seconds)
   ⏱️  Scenario completed in 109985ms (110 seconds)
✅ Scenario scenario_5 completed successfully
🔄 Starting cleanup and reset for next scenario...
🏠 Navigated to home page for fresh start
✅ Scenario scenario_5 cleanup completed in 7932ms

📊 Test Execution Summary:
   Total Scenarios: 4
   Passed: 4
   Failed: 0
   Success Rate: 100.0%

📋 Detailed Results:
   ✅ scenario_2: PASSED
   ✅ scenario_3: PASSED
   ✅ scenario_4: PASSED
   ✅ scenario_5: PASSED
🏁 Comprehensive E2E test completed!
]]>
</system-out>
<system-err>
<![CDATA[Failed to read scenarios from C:\Users\2853064\Documents\Testing\Automation\SingleBase\test-data\scenarios.xlsx: Error: ENOENT: no such file or directory, open 'C:\Users\2853064\Documents\Testing\Automation\SingleBase\test-data\scenarios.xlsx'
[90m    at Object.openSync (node:fs:573:18)[39m
[90m    at Object.readFileSync (node:fs:452:35)[39m
    at read_binary [90m(C:\Users\2853064\Documents\Testing\Automation\SingleBase\[39mnode_modules\[4mxlsx[24m\xlsx.js:3153:44[90m)[39m
    at readSync [90m(C:\Users\2853064\Documents\Testing\Automation\SingleBase\[39mnode_modules\[4mxlsx[24m\xlsx.js:23698:69[90m)[39m
    at Object.readFile [as readFileSync] [90m(C:\Users\2853064\Documents\Testing\Automation\SingleBase\[39mnode_modules\[4mxlsx[24m\xlsx.js:23738:9[90m)[39m
    at Function.readFromExcel [90m(C:\Users\2853064\Documents\Testing\Automation\SingleBase\[39mlib\excel\excelReader.ts:51:27[90m)[39m
    at Function.readScenarios [90m(C:\Users\2853064\Documents\Testing\Automation\SingleBase\[39mlib\excel\excelReader.ts:21:21[90m)[39m
    at [90mC:\Users\2853064\Documents\Testing\Automation\SingleBase\[39mtests\comprehensive-e2e.spec.ts:44:37
    at [90mC:\Users\2853064\Documents\Testing\Automation\SingleBase\[39mnode_modules\[4mplaywright[24m\lib\worker\workerMain.js:310:9
    at [90mC:\Users\2853064\Documents\Testing\Automation\SingleBase\[39mnode_modules\[4mplaywright[24m\lib\worker\testInfo.js:305:11
    at TimeoutManager.withRunnable [90m(C:\Users\2853064\Documents\Testing\Automation\SingleBase\[39mnode_modules\[4mplaywright[24m\lib\worker\timeoutManager.js:67:14[90m)[39m
    at TestInfoImpl._runWithTimeout [90m(C:\Users\2853064\Documents\Testing\Automation\SingleBase\[39mnode_modules\[4mplaywright[24m\lib\worker\testInfo.js:303:7[90m)[39m
    at [90mC:\Users\2853064\Documents\Testing\Automation\SingleBase\[39mnode_modules\[4mplaywright[24m\lib\worker\workerMain.js:308:7
    at WorkerMain._runTest [90m(C:\Users\2853064\Documents\Testing\Automation\SingleBase\[39mnode_modules\[4mplaywright[24m\lib\worker\workerMain.js:283:5[90m)[39m
    at WorkerMain.runTestGroup [90m(C:\Users\2853064\Documents\Testing\Automation\SingleBase\[39mnode_modules\[4mplaywright[24m\lib\worker\workerMain.js:198:11[90m)[39m
    at process.<anonymous> [90m(C:\Users\2853064\Documents\Testing\Automation\SingleBase\[39mnode_modules\[4mplaywright[24m\lib\common\process.js:65:22[90m)[39m {
  errno: [33m-4058[39m,
  code: [32m'ENOENT'[39m,
  syscall: [32m'open'[39m,
  path: [32m'C:\\Users\\2853064\\Documents\\Testing\\Automation\\SingleBase\\test-data\\scenarios.xlsx'[39m
}
Input validation failed. Expected: "21/09/1945", Actual: "21"
Input validation failed. Expected: "Test State", Actual: ""
Input validation failed. Expected: "26/05/2020", Actual: "26"
Input validation failed. Expected: "07/03/1969", Actual: "07"
Input validation failed. Expected: "Test State", Actual: ""
Input validation failed. Expected: "16/10/1970", Actual: "16"
Input validation failed. Expected: "Test State", Actual: ""
Input validation failed. Expected: "19/10/2014", Actual: "19"
Input validation failed. Expected: "08/08/2019", Actual: "08"
Input validation failed. Expected: "02/02/2024", Actual: "02"
Input validation failed. Expected: "02/06/2025", Actual: "02"
]]>
</system-err>
</testcase>
</testsuite>
</testsuites>